# JRE version: OpenJDK Runtime Environment (8.0_171-b11) (build 1.8.0_171-8u171-b11-0ubuntu0.18.04.1-b11)
# Java VM: OpenJDK 64-Bit Server VM (25.171-b11 mixed mode linux-amd64 compressed oops)
Heap:
 PSYoungGen      total 464896K, used 10720K [0x00000000d6900000, 0x00000000f4180000, 0x0000000100000000)
  eden space 448512K, 0% used [0x00000000d6900000,0x00000000d6900000,0x00000000f1f00000)
  from space 16384K, 65% used [0x00000000f1f00000,0x00000000f2978000,0x00000000f2f00000)
  to   space 17408K, 0% used [0x00000000f2f00000,0x00000000f2f00000,0x00000000f4000000)
 ParOldGen       total 67584K, used 19446K [0x0000000083a00000, 0x0000000087c00000, 0x00000000d6900000)
  object space 67584K, 28% used [0x0000000083a00000,0x0000000084cfda50,0x0000000087c00000)
 Metaspace       used 22875K, capacity 23098K, committed 23680K, reserved 1071104K
  class space    used 2534K, capacity 2607K, committed 2688K, reserved 1048576K
GC Heap History (10 events):
Event: 3.203 GC heap after
Heap after GC invocations=5 (full 0):
 PSYoungGen      total 136192K, used 5117K [0x00000000d6900000, 0x00000000e8c00000, 0x0000000100000000)
  eden space 131072K, 0% used [0x00000000d6900000,0x00000000d6900000,0x00000000de900000)
  from space 5120K, 99% used [0x00000000de900000,0x00000000dedff578,0x00000000dee00000)
  to   space 17920K, 0% used [0x00000000e7a80000,0x00000000e7a80000,0x00000000e8c00000)
 ParOldGen       total 86016K, used 20331K [0x0000000083a00000, 0x0000000088e00000, 0x00000000d6900000)
  object space 86016K, 23% used [0x0000000083a00000,0x0000000084ddaf70,0x0000000088e00000)
 Metaspace       used 20795K, capacity 20998K, committed 21296K, reserved 1069056K
  class space    used 2331K, capacity 2403K, committed 2432K, reserved 1048576K
}
Event: 3.203 GC heap before
{Heap before GC invocations=6 (full 1):
 PSYoungGen      total 136192K, used 5117K [0x00000000d6900000, 0x00000000e8c00000, 0x0000000100000000)
  eden space 131072K, 0% used [0x00000000d6900000,0x00000000d6900000,0x00000000de900000)
  from space 5120K, 99% used [0x00000000de900000,0x00000000dedff578,0x00000000dee00000)
  to   space 17920K, 0% used [0x00000000e7a80000,0x00000000e7a80000,0x00000000e8c00000)
 ParOldGen       total 86016K, used 20331K [0x0000000083a00000, 0x0000000088e00000, 0x00000000d6900000)
  object space 86016K, 23% used [0x0000000083a00000,0x0000000084ddaf70,0x0000000088e00000)
 Metaspace       used 20795K, capacity 20998K, committed 21296K, reserved 1069056K
  class space    used 2331K, capacity 2403K, committed 2432K, reserved 1048576K
Event: 3.248 GC heap after
Heap after GC invocations=6 (full 1):
 PSYoungGen      total 136192K, used 0K [0x00000000d6900000, 0x00000000e8c00000, 0x0000000100000000)
  eden space 131072K, 0% used [0x00000000d6900000,0x00000000d6900000,0x00000000de900000)
  from space 5120K, 0% used [0x00000000de900000,0x00000000de900000,0x00000000dee00000)
  to   space 17920K, 0% used [0x00000000e7a80000,0x00000000e7a80000,0x00000000e8c00000)
 ParOldGen       total 67584K, used 18770K [0x0000000083a00000, 0x0000000087c00000, 0x00000000d6900000)
  object space 67584K, 27% used [0x0000000083a00000,0x0000000084c54898,0x0000000087c00000)
 Metaspace       used 20795K, capacity 20998K, committed 21296K, reserved 1069056K
  class space    used 2331K, capacity 2403K, committed 2432K, reserved 1048576K
}
Event: 5.894 GC heap before
{Heap before GC invocations=7 (full 1):
 PSYoungGen      total 136192K, used 131072K [0x00000000d6900000, 0x00000000e8c00000, 0x0000000100000000)
  eden space 131072K, 100% used [0x00000000d6900000,0x00000000de900000,0x00000000de900000)
  from space 5120K, 0% used [0x00000000de900000,0x00000000de900000,0x00000000dee00000)
  to   space 17920K, 0% used [0x00000000e7a80000,0x00000000e7a80000,0x00000000e8c00000)
 ParOldGen       total 67584K, used 18770K [0x0000000083a00000, 0x0000000087c00000, 0x00000000d6900000)
  object space 67584K, 27% used [0x0000000083a00000,0x0000000084c54898,0x0000000087c00000)
 Metaspace       used 22702K, capacity 22958K, committed 23424K, reserved 1071104K
  class space    used 2533K, capacity 2605K, committed 2688K, reserved 1048576K
Event: 5.901 GC heap after
Heap after GC invocations=7 (full 1):
 PSYoungGen      total 251392K, used 6384K [0x00000000d6900000, 0x00000000e8100000, 0x0000000100000000)
  eden space 244736K, 0% used [0x00000000d6900000,0x00000000d6900000,0x00000000e5800000)
  from space 6656K, 95% used [0x00000000e7a80000,0x00000000e80bc120,0x00000000e8100000)
  to   space 16896K, 0% used [0x00000000e6000000,0x00000000e6000000,0x00000000e7080000)
 ParOldGen       total 67584K, used 18778K [0x0000000083a00000, 0x0000000087c00000, 0x00000000d6900000)
  object space 67584K, 27% used [0x0000000083a00000,0x0000000084c56898,0x0000000087c00000)
 Metaspace       used 22702K, capacity 22958K, committed 23424K, reserved 1071104K
  class space    used 2533K, capacity 2605K, committed 2688K, reserved 1048576K
}
Event: 11.352 GC heap before
{Heap before GC invocations=8 (full 1):
 PSYoungGen      total 251392K, used 251120K [0x00000000d6900000, 0x00000000e8100000, 0x0000000100000000)
  eden space 244736K, 100% used [0x00000000d6900000,0x00000000e5800000,0x00000000e5800000)
  from space 6656K, 95% used [0x00000000e7a80000,0x00000000e80bc120,0x00000000e8100000)
  to   space 16896K, 0% used [0x00000000e6000000,0x00000000e6000000,0x00000000e7080000)
 ParOldGen       total 67584K, used 18778K [0x0000000083a00000, 0x0000000087c00000, 0x00000000d6900000)
  object space 67584K, 27% used [0x0000000083a00000,0x0000000084c56898,0x0000000087c00000)
 Metaspace       used 22800K, capacity 23034K, committed 23424K, reserved 1071104K
  class space    used 2534K, capacity 2607K, committed 2688K, reserved 1048576K
Event: 11.357 GC heap after
Heap after GC invocations=8 (full 1):
 PSYoungGen      total 269824K, used 2391K [0x00000000d6900000, 0x00000000f4000000, 0x0000000100000000)
  eden space 252928K, 0% used [0x00000000d6900000,0x00000000d6900000,0x00000000e6000000)
  from space 16896K, 14% used [0x00000000e6000000,0x00000000e6255d28,0x00000000e7080000)
  to   space 17408K, 0% used [0x00000000f2f00000,0x00000000f2f00000,0x00000000f4000000)
 ParOldGen       total 67584K, used 18778K [0x0000000083a00000, 0x0000000087c00000, 0x00000000d6900000)
  object space 67584K, 27% used [0x0000000083a00000,0x0000000084c56898,0x0000000087c00000)
 Metaspace       used 22800K, capacity 23034K, committed 23424K, reserved 1071104K
  class space    used 2534K, capacity 2607K, committed 2688K, reserved 1048576K
}
Event: 17.150 GC heap before
{Heap before GC invocations=9 (full 1):
 PSYoungGen      total 269824K, used 255319K [0x00000000d6900000, 0x00000000f4000000, 0x0000000100000000)
  eden space 252928K, 100% used [0x00000000d6900000,0x00000000e6000000,0x00000000e6000000)
  from space 16896K, 14% used [0x00000000e6000000,0x00000000e6255d28,0x00000000e7080000)
  to   space 17408K, 0% used [0x00000000f2f00000,0x00000000f2f00000,0x00000000f4000000)
 ParOldGen       total 67584K, used 18778K [0x0000000083a00000, 0x0000000087c00000, 0x00000000d6900000)
  object space 67584K, 27% used [0x0000000083a00000,0x0000000084c56898,0x0000000087c00000)
 Metaspace       used 22851K, capacity 23098K, committed 23680K, reserved 1071104K
  class space    used 2534K, capacity 2607K, committed 2688K, reserved 1048576K
Event: 17.160 GC heap after
Heap after GC invocations=9 (full 1):
 PSYoungGen      total 465920K, used 6444K [0x00000000d6900000, 0x00000000f4180000, 0x0000000100000000)
  eden space 448512K, 0% used [0x00000000d6900000,0x00000000d6900000,0x00000000f1f00000)
  from space 17408K, 37% used [0x00000000f2f00000,0x00000000f354b188,0x00000000f4000000)
  to   space 16384K, 0% used [0x00000000f1f00000,0x00000000f1f00000,0x00000000f2f00000)
 ParOldGen       total 67584K, used 18786K [0x0000000083a00000, 0x0000000087c00000, 0x00000000d6900000)
  object space 67584K, 27% used [0x0000000083a00000,0x0000000084c58898,0x0000000087c00000)
 Metaspace       used 22851K, capacity 23098K, committed 23680K, reserved 1071104K
  class space    used 2534K, capacity 2607K, committed 2688K, reserved 1048576K
}
Event: 28.668 GC heap before
{Heap before GC invocations=10 (full 1):
 PSYoungGen      total 465920K, used 454956K [0x00000000d6900000, 0x00000000f4180000, 0x0000000100000000)
  eden space 448512K, 100% used [0x00000000d6900000,0x00000000f1f00000,0x00000000f1f00000)
  from space 17408K, 37% used [0x00000000f2f00000,0x00000000f354b188,0x00000000f4000000)
  to   space 16384K, 0% used [0x00000000f1f00000,0x00000000f1f00000,0x00000000f2f00000)
 ParOldGen       total 67584K, used 18786K [0x0000000083a00000, 0x0000000087c00000, 0x00000000d6900000)
  object space 67584K, 27% used [0x0000000083a00000,0x0000000084c58898,0x0000000087c00000)
 Metaspace       used 22875K, capacity 23098K, committed 23680K, reserved 1071104K
  class space    used 2534K, capacity 2607K, committed 2688K, reserved 1048576K

